<?xml version="1.0" encoding="UTF-8"?>
<coverage generated="1741140496898" clover="3.2.0">
  <project timestamp="1741140496898" name="All files">
    <metrics statements="76" coveredstatements="70" conditionals="50" coveredconditionals="44" methods="14" coveredmethods="14" elements="140" coveredelements="128" complexity="0" loc="76" ncloc="76" packages="2" files="7" classes="7"/>
    <package name="src">
      <metrics statements="34" coveredstatements="28" conditionals="19" coveredconditionals="13" methods="5" coveredmethods="5"/>
      <file name="comparator.js" path="/home/sudoadduser/Documentos/calculadora-diff/src/comparator.js">
        <metrics statements="12" coveredstatements="12" conditionals="10" coveredconditionals="10" methods="2" coveredmethods="2"/>
        <line num="9" count="1" type="stmt"/>
        <line num="10" count="15" type="stmt"/>
        <line num="12" count="15" type="stmt"/>
        <line num="13" count="54" type="cond" truecount="2" falsecount="0"/>
        <line num="14" count="15" type="stmt"/>
        <line num="16" count="39" type="cond" truecount="2" falsecount="0"/>
        <line num="17" count="6" type="stmt"/>
        <line num="19" count="33" type="cond" truecount="4" falsecount="0"/>
        <line num="20" count="12" type="stmt"/>
        <line num="22" count="21" type="cond" truecount="2" falsecount="0"/>
        <line num="23" count="12" type="stmt"/>
        <line num="25" count="9" type="stmt"/>
      </file>
      <file name="fileReader.js" path="/home/sudoadduser/Documentos/calculadora-diff/src/fileReader.js">
        <metrics statements="6" coveredstatements="4" conditionals="0" coveredconditionals="0" methods="1" coveredmethods="1"/>
        <line num="4" count="1" type="stmt"/>
        <line num="5" count="9" type="stmt"/>
        <line num="6" count="9" type="stmt"/>
        <line num="7" count="9" type="stmt"/>
        <line num="9" count="0" type="stmt"/>
        <line num="10" count="0" type="stmt"/>
      </file>
      <file name="index.js" path="/home/sudoadduser/Documentos/calculadora-diff/src/index.js">
        <metrics statements="9" coveredstatements="8" conditionals="3" coveredconditionals="2" methods="1" coveredmethods="1"/>
        <line num="8" count="1" type="stmt"/>
        <line num="15" count="3" type="stmt"/>
        <line num="16" count="3" type="stmt"/>
        <line num="18" count="3" type="stmt"/>
        <line num="19" count="3" type="stmt"/>
        <line num="21" count="3" type="stmt"/>
        <line num="23" count="3" type="cond" truecount="1" falsecount="1"/>
        <line num="24" count="0" type="stmt"/>
        <line num="27" count="3" type="stmt"/>
      </file>
      <file name="parser.js" path="/home/sudoadduser/Documentos/calculadora-diff/src/parser.js">
        <metrics statements="7" coveredstatements="4" conditionals="6" coveredconditionals="1" methods="1" coveredmethods="1"/>
        <line num="10" count="1" type="stmt"/>
        <line num="11" count="6" type="stmt"/>
        <line num="13" count="6" type="cond" truecount="1" falsecount="1"/>
        <line num="14" count="6" type="stmt"/>
        <line num="16" count="0" type="cond" truecount="0" falsecount="4"/>
        <line num="17" count="0" type="stmt"/>
        <line num="20" count="0" type="stmt"/>
      </file>
    </package>
    <package name="src.formatters">
      <metrics statements="42" coveredstatements="42" conditionals="31" coveredconditionals="31" methods="9" coveredmethods="9"/>
      <file name="json.js" path="/home/sudoadduser/Documentos/calculadora-diff/src/formatters/json.js">
        <metrics statements="1" coveredstatements="1" conditionals="0" coveredconditionals="0" methods="1" coveredmethods="1"/>
        <line num="1" count="1" type="stmt"/>
      </file>
      <file name="plain.js" path="/home/sudoadduser/Documentos/calculadora-diff/src/formatters/plain.js">
        <metrics statements="19" coveredstatements="19" conditionals="17" coveredconditionals="17" methods="3" coveredmethods="3"/>
        <line num="1" count="1" type="stmt"/>
        <line num="2" count="13" type="cond" truecount="2" falsecount="0"/>
        <line num="3" count="7" type="stmt"/>
        <line num="5" count="6" type="cond" truecount="4" falsecount="0"/>
        <line num="6" count="3" type="stmt"/>
        <line num="8" count="3" type="stmt"/>
        <line num="11" count="1" type="cond" truecount="1" falsecount="0"/>
        <line num="12" count="5" type="stmt"/>
        <line num="14" count="18" type="cond" truecount="2" falsecount="0"/>
        <line num="16" count="18" type="cond" truecount="2" falsecount="0"/>
        <line num="17" count="4" type="stmt"/>
        <line num="19" count="14" type="cond" truecount="2" falsecount="0"/>
        <line num="20" count="5" type="stmt"/>
        <line num="22" count="9" type="cond" truecount="2" falsecount="0"/>
        <line num="23" count="2" type="stmt"/>
        <line num="25" count="7" type="cond" truecount="2" falsecount="0"/>
        <line num="26" count="4" type="stmt"/>
        <line num="28" count="3" type="stmt"/>
        <line num="32" count="5" type="stmt"/>
      </file>
      <file name="stylish.js" path="/home/sudoadduser/Documentos/calculadora-diff/src/formatters/stylish.js">
        <metrics statements="22" coveredstatements="22" conditionals="14" coveredconditionals="14" methods="5" coveredmethods="5"/>
        <line num="1" count="1" type="stmt"/>
        <line num="2" count="1" type="stmt"/>
        <line num="4" count="26" type="stmt"/>
        <line num="6" count="1" type="stmt"/>
        <line num="7" count="27" type="cond" truecount="5" falsecount="0"/>
        <line num="8" count="7" type="stmt"/>
        <line num="9" count="9" type="stmt"/>
        <line num="10" count="7" type="stmt"/>
        <line num="12" count="20" type="stmt"/>
        <line num="15" count="1" type="cond" truecount="1" falsecount="0"/>
        <line num="16" count="5" type="stmt"/>
        <line num="17" count="5" type="stmt"/>
        <line num="18" count="18" type="cond" truecount="2" falsecount="0"/>
        <line num="19" count="4" type="stmt"/>
        <line num="21" count="14" type="cond" truecount="2" falsecount="0"/>
        <line num="22" count="5" type="stmt"/>
        <line num="24" count="9" type="cond" truecount="2" falsecount="0"/>
        <line num="25" count="2" type="stmt"/>
        <line num="27" count="7" type="cond" truecount="2" falsecount="0"/>
        <line num="28" count="4" type="stmt"/>
        <line num="30" count="3" type="stmt"/>
        <line num="33" count="5" type="stmt"/>
      </file>
    </package>
  </project>
</coverage>
