{"/home/sudoadduser/Documentos/calculadora-diff/src/comparator.js": {"path":"/home/sudoadduser/Documentos/calculadora-diff/src/comparator.js","statementMap":{"0":{"start":{"line":9,"column":28},"end":{"line":27,"column":1}},"1":{"start":{"line":10,"column":15},"end":{"line":10,"column":59}},"2":{"start":{"line":12,"column":2},"end":{"line":26,"column":5}},"3":{"start":{"line":13,"column":4},"end":{"line":15,"column":5}},"4":{"start":{"line":14,"column":6},"end":{"line":14,"column":55}},"5":{"start":{"line":16,"column":4},"end":{"line":18,"column":5}},"6":{"start":{"line":17,"column":6},"end":{"line":17,"column":57}},"7":{"start":{"line":19,"column":4},"end":{"line":21,"column":5}},"8":{"start":{"line":20,"column":6},"end":{"line":20,"column":85}},"9":{"start":{"line":22,"column":4},"end":{"line":24,"column":5}},"10":{"start":{"line":23,"column":6},"end":{"line":23,"column":82}},"11":{"start":{"line":25,"column":4},"end":{"line":25,"column":57}}},"fnMap":{"0":{"name":"(anonymous_0)","decl":{"start":{"line":9,"column":28},"end":{"line":9,"column":29}},"loc":{"start":{"line":9,"column":46},"end":{"line":27,"column":1}},"line":9},"1":{"name":"(anonymous_1)","decl":{"start":{"line":12,"column":18},"end":{"line":12,"column":19}},"loc":{"start":{"line":12,"column":27},"end":{"line":26,"column":3}},"line":12}},"branchMap":{"0":{"loc":{"start":{"line":13,"column":4},"end":{"line":15,"column":5}},"type":"if","locations":[{"start":{"line":13,"column":4},"end":{"line":15,"column":5}},{"start":{},"end":{}}],"line":13},"1":{"loc":{"start":{"line":16,"column":4},"end":{"line":18,"column":5}},"type":"if","locations":[{"start":{"line":16,"column":4},"end":{"line":18,"column":5}},{"start":{},"end":{}}],"line":16},"2":{"loc":{"start":{"line":19,"column":4},"end":{"line":21,"column":5}},"type":"if","locations":[{"start":{"line":19,"column":4},"end":{"line":21,"column":5}},{"start":{},"end":{}}],"line":19},"3":{"loc":{"start":{"line":19,"column":8},"end":{"line":19,"column":56}},"type":"binary-expr","locations":[{"start":{"line":19,"column":8},"end":{"line":19,"column":30}},{"start":{"line":19,"column":34},"end":{"line":19,"column":56}}],"line":19},"4":{"loc":{"start":{"line":22,"column":4},"end":{"line":24,"column":5}},"type":"if","locations":[{"start":{"line":22,"column":4},"end":{"line":24,"column":5}},{"start":{},"end":{}}],"line":22}},"s":{"0":1,"1":15,"2":15,"3":54,"4":15,"5":39,"6":6,"7":33,"8":12,"9":21,"10":12,"11":9},"f":{"0":15,"1":54},"b":{"0":[15,39],"1":[6,33],"2":[12,21],"3":[33,15],"4":[12,9]},"_coverageSchema":"1a1c01bbd47fc00a2c39e90264f33305004495a9","hash":"4695293cb16bf3ae5dbc69428b6351b9fd96162d"}
,"/home/sudoadduser/Documentos/calculadora-diff/src/fileReader.js": {"path":"/home/sudoadduser/Documentos/calculadora-diff/src/fileReader.js","statementMap":{"0":{"start":{"line":4,"column":24},"end":{"line":12,"column":1}},"1":{"start":{"line":5,"column":2},"end":{"line":11,"column":3}},"2":{"start":{"line":6,"column":25},"end":{"line":6,"column":62}},"3":{"start":{"line":7,"column":4},"end":{"line":7,"column":50}},"4":{"start":{"line":9,"column":4},"end":{"line":9,"column":74}},"5":{"start":{"line":10,"column":4},"end":{"line":10,"column":20}}},"fnMap":{"0":{"name":"(anonymous_0)","decl":{"start":{"line":4,"column":24},"end":{"line":4,"column":25}},"loc":{"start":{"line":4,"column":38},"end":{"line":12,"column":1}},"line":4}},"branchMap":{},"s":{"0":1,"1":9,"2":9,"3":9,"4":0,"5":0},"f":{"0":9},"b":{},"_coverageSchema":"1a1c01bbd47fc00a2c39e90264f33305004495a9","hash":"071b1b0e22abb76bb232a43de5d71026e5899c7c"}
,"/home/sudoadduser/Documentos/calculadora-diff/src/index.js": {"path":"/home/sudoadduser/Documentos/calculadora-diff/src/index.js","statementMap":{"0":{"start":{"line":8,"column":19},"end":{"line":12,"column":1}},"1":{"start":{"line":15,"column":19},"end":{"line":15,"column":38}},"2":{"start":{"line":16,"column":19},"end":{"line":16,"column":38}},"3":{"start":{"line":18,"column":16},"end":{"line":18,"column":46}},"4":{"start":{"line":19,"column":16},"end":{"line":19,"column":46}},"5":{"start":{"line":21,"column":15},"end":{"line":21,"column":41}},"6":{"start":{"line":23,"column":2},"end":{"line":25,"column":3}},"7":{"start":{"line":24,"column":4},"end":{"line":24,"column":54}},"8":{"start":{"line":27,"column":2},"end":{"line":27,"column":34}}},"fnMap":{"0":{"name":"genDiff","decl":{"start":{"line":14,"column":24},"end":{"line":14,"column":31}},"loc":{"start":{"line":14,"column":74},"end":{"line":28,"column":1}},"line":14}},"branchMap":{"0":{"loc":{"start":{"line":14,"column":54},"end":{"line":14,"column":72}},"type":"default-arg","locations":[{"start":{"line":14,"column":63},"end":{"line":14,"column":72}}],"line":14},"1":{"loc":{"start":{"line":23,"column":2},"end":{"line":25,"column":3}},"type":"if","locations":[{"start":{"line":23,"column":2},"end":{"line":25,"column":3}},{"start":{},"end":{}}],"line":23}},"s":{"0":1,"1":3,"2":3,"3":3,"4":3,"5":3,"6":3,"7":0,"8":3},"f":{"0":3},"b":{"0":[1],"1":[0,3]},"_coverageSchema":"1a1c01bbd47fc00a2c39e90264f33305004495a9","hash":"5ef85543d601e0daa6a5ed2a7b1c5f942e9d5a57"}
,"/home/sudoadduser/Documentos/calculadora-diff/src/parser.js": {"path":"/home/sudoadduser/Documentos/calculadora-diff/src/parser.js","statementMap":{"0":{"start":{"line":10,"column":25},"end":{"line":21,"column":1}},"1":{"start":{"line":11,"column":20},"end":{"line":11,"column":42}},"2":{"start":{"line":13,"column":2},"end":{"line":15,"column":3}},"3":{"start":{"line":14,"column":4},"end":{"line":14,"column":31}},"4":{"start":{"line":16,"column":2},"end":{"line":18,"column":3}},"5":{"start":{"line":17,"column":4},"end":{"line":17,"column":30}},"6":{"start":{"line":20,"column":2},"end":{"line":20,"column":59}}},"fnMap":{"0":{"name":"(anonymous_0)","decl":{"start":{"line":10,"column":25},"end":{"line":10,"column":26}},"loc":{"start":{"line":10,"column":48},"end":{"line":21,"column":1}},"line":10}},"branchMap":{"0":{"loc":{"start":{"line":13,"column":2},"end":{"line":15,"column":3}},"type":"if","locations":[{"start":{"line":13,"column":2},"end":{"line":15,"column":3}},{"start":{},"end":{}}],"line":13},"1":{"loc":{"start":{"line":16,"column":2},"end":{"line":18,"column":3}},"type":"if","locations":[{"start":{"line":16,"column":2},"end":{"line":18,"column":3}},{"start":{},"end":{}}],"line":16},"2":{"loc":{"start":{"line":16,"column":6},"end":{"line":16,"column":51}},"type":"binary-expr","locations":[{"start":{"line":16,"column":6},"end":{"line":16,"column":26}},{"start":{"line":16,"column":30},"end":{"line":16,"column":51}}],"line":16}},"s":{"0":1,"1":6,"2":6,"3":6,"4":0,"5":0,"6":0},"f":{"0":6},"b":{"0":[6,0],"1":[0,0],"2":[0,0]},"_coverageSchema":"1a1c01bbd47fc00a2c39e90264f33305004495a9","hash":"94167b4f71c9dd55f71ca240e82003468467a4e9"}
,"/home/sudoadduser/Documentos/calculadora-diff/src/formatters/json.js": {"path":"/home/sudoadduser/Documentos/calculadora-diff/src/formatters/json.js","statementMap":{"0":{"start":{"line":1,"column":19},"end":{"line":1,"column":58}},"1":{"start":{"line":1,"column":29},"end":{"line":1,"column":58}}},"fnMap":{"0":{"name":"(anonymous_0)","decl":{"start":{"line":1,"column":19},"end":{"line":1,"column":20}},"loc":{"start":{"line":1,"column":29},"end":{"line":1,"column":58}},"line":1}},"branchMap":{},"s":{"0":1,"1":1},"f":{"0":1},"b":{},"_coverageSchema":"1a1c01bbd47fc00a2c39e90264f33305004495a9","hash":"1a4c251c2d35c590d2d35875b8ac9d1ae1286f53"}
,"/home/sudoadduser/Documentos/calculadora-diff/src/formatters/plain.js": {"path":"/home/sudoadduser/Documentos/calculadora-diff/src/formatters/plain.js","statementMap":{"0":{"start":{"line":1,"column":20},"end":{"line":9,"column":3}},"1":{"start":{"line":2,"column":4},"end":{"line":4,"column":5}},"2":{"start":{"line":3,"column":6},"end":{"line":3,"column":26}},"3":{"start":{"line":5,"column":4},"end":{"line":7,"column":5}},"4":{"start":{"line":6,"column":6},"end":{"line":6,"column":31}},"5":{"start":{"line":8,"column":4},"end":{"line":8,"column":25}},"6":{"start":{"line":11,"column":22},"end":{"line":33,"column":3}},"7":{"start":{"line":12,"column":18},"end":{"line":30,"column":22}},"8":{"start":{"line":14,"column":29},"end":{"line":14,"column":58}},"9":{"start":{"line":16,"column":8},"end":{"line":18,"column":9}},"10":{"start":{"line":17,"column":10},"end":{"line":17,"column":53}},"11":{"start":{"line":19,"column":8},"end":{"line":21,"column":9}},"12":{"start":{"line":20,"column":10},"end":{"line":20,"column":90}},"13":{"start":{"line":22,"column":8},"end":{"line":24,"column":9}},"14":{"start":{"line":23,"column":10},"end":{"line":23,"column":58}},"15":{"start":{"line":25,"column":8},"end":{"line":27,"column":9}},"16":{"start":{"line":26,"column":10},"end":{"line":26,"column":117}},"17":{"start":{"line":28,"column":8},"end":{"line":28,"column":20}},"18":{"start":{"line":32,"column":4},"end":{"line":32,"column":28}}},"fnMap":{"0":{"name":"(anonymous_0)","decl":{"start":{"line":1,"column":20},"end":{"line":1,"column":21}},"loc":{"start":{"line":1,"column":31},"end":{"line":9,"column":3}},"line":1},"1":{"name":"(anonymous_1)","decl":{"start":{"line":11,"column":22},"end":{"line":11,"column":23}},"loc":{"start":{"line":11,"column":43},"end":{"line":33,"column":3}},"line":11},"2":{"name":"(anonymous_2)","decl":{"start":{"line":13,"column":11},"end":{"line":13,"column":12}},"loc":{"start":{"line":13,"column":67},"end":{"line":29,"column":7}},"line":13}},"branchMap":{"0":{"loc":{"start":{"line":2,"column":4},"end":{"line":4,"column":5}},"type":"if","locations":[{"start":{"line":2,"column":4},"end":{"line":4,"column":5}},{"start":{},"end":{}}],"line":2},"1":{"loc":{"start":{"line":5,"column":4},"end":{"line":7,"column":5}},"type":"if","locations":[{"start":{"line":5,"column":4},"end":{"line":7,"column":5}},{"start":{},"end":{}}],"line":5},"2":{"loc":{"start":{"line":5,"column":8},"end":{"line":5,"column":51}},"type":"binary-expr","locations":[{"start":{"line":5,"column":8},"end":{"line":5,"column":33}},{"start":{"line":5,"column":37},"end":{"line":5,"column":51}}],"line":5},"3":{"loc":{"start":{"line":11,"column":29},"end":{"line":11,"column":38}},"type":"default-arg","locations":[{"start":{"line":11,"column":36},"end":{"line":11,"column":38}}],"line":11},"4":{"loc":{"start":{"line":14,"column":29},"end":{"line":14,"column":58}},"type":"cond-expr","locations":[{"start":{"line":14,"column":36},"end":{"line":14,"column":52}},{"start":{"line":14,"column":55},"end":{"line":14,"column":58}}],"line":14},"5":{"loc":{"start":{"line":16,"column":8},"end":{"line":18,"column":9}},"type":"if","locations":[{"start":{"line":16,"column":8},"end":{"line":18,"column":9}},{"start":{},"end":{}}],"line":16},"6":{"loc":{"start":{"line":19,"column":8},"end":{"line":21,"column":9}},"type":"if","locations":[{"start":{"line":19,"column":8},"end":{"line":21,"column":9}},{"start":{},"end":{}}],"line":19},"7":{"loc":{"start":{"line":22,"column":8},"end":{"line":24,"column":9}},"type":"if","locations":[{"start":{"line":22,"column":8},"end":{"line":24,"column":9}},{"start":{},"end":{}}],"line":22},"8":{"loc":{"start":{"line":25,"column":8},"end":{"line":27,"column":9}},"type":"if","locations":[{"start":{"line":25,"column":8},"end":{"line":27,"column":9}},{"start":{},"end":{}}],"line":25}},"s":{"0":1,"1":13,"2":7,"3":6,"4":3,"5":3,"6":1,"7":5,"8":18,"9":18,"10":4,"11":14,"12":5,"13":9,"14":2,"15":7,"16":4,"17":3,"18":5},"f":{"0":13,"1":5,"2":18},"b":{"0":[7,6],"1":[3,3],"2":[6,4],"3":[1],"4":[14,4],"5":[4,14],"6":[5,9],"7":[2,7],"8":[4,3]},"_coverageSchema":"1a1c01bbd47fc00a2c39e90264f33305004495a9","hash":"fe6ef5b334e7c047fce58e28ae55be005fc0b00e"}
,"/home/sudoadduser/Documentos/calculadora-diff/src/formatters/stylish.js": {"path":"/home/sudoadduser/Documentos/calculadora-diff/src/formatters/stylish.js","statementMap":{"0":{"start":{"line":1,"column":20},"end":{"line":1,"column":21}},"1":{"start":{"line":2,"column":20},"end":{"line":2,"column":21}},"2":{"start":{"line":4,"column":19},"end":{"line":4,"column":88}},"3":{"start":{"line":4,"column":30},"end":{"line":4,"column":88}},"4":{"start":{"line":6,"column":20},"end":{"line":13,"column":1}},"5":{"start":{"line":7,"column":2},"end":{"line":11,"column":3}},"6":{"start":{"line":8,"column":20},"end":{"line":9,"column":94}},"7":{"start":{"line":9,"column":27},"end":{"line":9,"column":93}},"8":{"start":{"line":10,"column":4},"end":{"line":10,"column":63}},"9":{"start":{"line":12,"column":2},"end":{"line":12,"column":23}},"10":{"start":{"line":15,"column":22},"end":{"line":34,"column":1}},"11":{"start":{"line":16,"column":17},"end":{"line":16,"column":34}},"12":{"start":{"line":17,"column":16},"end":{"line":31,"column":4}},"13":{"start":{"line":18,"column":4},"end":{"line":20,"column":5}},"14":{"start":{"line":19,"column":6},"end":{"line":19,"column":89}},"15":{"start":{"line":21,"column":4},"end":{"line":23,"column":5}},"16":{"start":{"line":22,"column":6},"end":{"line":22,"column":63}},"17":{"start":{"line":24,"column":4},"end":{"line":26,"column":5}},"18":{"start":{"line":25,"column":6},"end":{"line":25,"column":63}},"19":{"start":{"line":27,"column":4},"end":{"line":29,"column":5}},"20":{"start":{"line":28,"column":6},"end":{"line":28,"column":118}},"21":{"start":{"line":30,"column":4},"end":{"line":30,"column":61}},"22":{"start":{"line":33,"column":2},"end":{"line":33,"column":61}}},"fnMap":{"0":{"name":"(anonymous_0)","decl":{"start":{"line":4,"column":19},"end":{"line":4,"column":20}},"loc":{"start":{"line":4,"column":30},"end":{"line":4,"column":88}},"line":4},"1":{"name":"(anonymous_1)","decl":{"start":{"line":6,"column":20},"end":{"line":6,"column":21}},"loc":{"start":{"line":6,"column":38},"end":{"line":13,"column":1}},"line":6},"2":{"name":"(anonymous_2)","decl":{"start":{"line":9,"column":11},"end":{"line":9,"column":12}},"loc":{"start":{"line":9,"column":27},"end":{"line":9,"column":93}},"line":9},"3":{"name":"(anonymous_3)","decl":{"start":{"line":15,"column":22},"end":{"line":15,"column":23}},"loc":{"start":{"line":15,"column":43},"end":{"line":34,"column":1}},"line":15},"4":{"name":"(anonymous_4)","decl":{"start":{"line":17,"column":25},"end":{"line":17,"column":26}},"loc":{"start":{"line":17,"column":81},"end":{"line":31,"column":3}},"line":17}},"branchMap":{"0":{"loc":{"start":{"line":7,"column":2},"end":{"line":11,"column":3}},"type":"if","locations":[{"start":{"line":7,"column":2},"end":{"line":11,"column":3}},{"start":{},"end":{}}],"line":7},"1":{"loc":{"start":{"line":7,"column":6},"end":{"line":7,"column":74}},"type":"binary-expr","locations":[{"start":{"line":7,"column":6},"end":{"line":7,"column":31}},{"start":{"line":7,"column":35},"end":{"line":7,"column":49}},{"start":{"line":7,"column":53},"end":{"line":7,"column":74}}],"line":7},"2":{"loc":{"start":{"line":15,"column":29},"end":{"line":15,"column":38}},"type":"default-arg","locations":[{"start":{"line":15,"column":37},"end":{"line":15,"column":38}}],"line":15},"3":{"loc":{"start":{"line":18,"column":4},"end":{"line":20,"column":5}},"type":"if","locations":[{"start":{"line":18,"column":4},"end":{"line":20,"column":5}},{"start":{},"end":{}}],"line":18},"4":{"loc":{"start":{"line":21,"column":4},"end":{"line":23,"column":5}},"type":"if","locations":[{"start":{"line":21,"column":4},"end":{"line":23,"column":5}},{"start":{},"end":{}}],"line":21},"5":{"loc":{"start":{"line":24,"column":4},"end":{"line":26,"column":5}},"type":"if","locations":[{"start":{"line":24,"column":4},"end":{"line":26,"column":5}},{"start":{},"end":{}}],"line":24},"6":{"loc":{"start":{"line":27,"column":4},"end":{"line":29,"column":5}},"type":"if","locations":[{"start":{"line":27,"column":4},"end":{"line":29,"column":5}},{"start":{},"end":{}}],"line":27}},"s":{"0":1,"1":1,"2":1,"3":26,"4":1,"5":27,"6":7,"7":9,"8":7,"9":20,"10":1,"11":5,"12":5,"13":18,"14":4,"15":14,"16":5,"17":9,"18":2,"19":7,"20":4,"21":3,"22":5},"f":{"0":26,"1":27,"2":9,"3":5,"4":18},"b":{"0":[7,20],"1":[27,8,7],"2":[1],"3":[4,14],"4":[5,9],"5":[2,7],"6":[4,3]},"_coverageSchema":"1a1c01bbd47fc00a2c39e90264f33305004495a9","hash":"8352bb37921ef038c62eed376608b83ffc9a8421"}
}
