{"/home/sudoadduser/Documentos/calculadora-diff/src/constants.js": {"path":"/home/sudoadduser/Documentos/calculadora-diff/src/constants.js","statementMap":{"0":{"start":{"line":1,"column":25},"end":{"line":1,"column":32}},"1":{"start":{"line":2,"column":29},"end":{"line":2,"column":38}},"2":{"start":{"line":3,"column":29},"end":{"line":3,"column":38}},"3":{"start":{"line":4,"column":31},"end":{"line":4,"column":42}},"4":{"start":{"line":5,"column":28},"end":{"line":5,"column":36}},"5":{"start":{"line":6,"column":26},"end":{"line":6,"column":32}}},"fnMap":{},"branchMap":{},"s":{"0":1,"1":1,"2":1,"3":1,"4":1,"5":1},"f":{},"b":{},"_coverageSchema":"1a1c01bbd47fc00a2c39e90264f33305004495a9","hash":"31c19dadcdeca4c48130780830226ecf0ed86ff6"}
,"/home/sudoadduser/Documentos/calculadora-diff/src/index.js": {"path":"/home/sudoadduser/Documentos/calculadora-diff/src/index.js","statementMap":{"0":{"start":{"line":7,"column":20},"end":{"line":7,"column":71}},"1":{"start":{"line":7,"column":34},"end":{"line":7,"column":71}},"2":{"start":{"line":9,"column":24},"end":{"line":18,"column":1}},"3":{"start":{"line":10,"column":2},"end":{"line":17,"column":3}},"4":{"start":{"line":11,"column":22},"end":{"line":11,"column":62}},"5":{"start":{"line":12,"column":17},"end":{"line":12,"column":77}},"6":{"start":{"line":13,"column":4},"end":{"line":13,"column":16}},"7":{"start":{"line":15,"column":4},"end":{"line":15,"column":72}},"8":{"start":{"line":16,"column":4},"end":{"line":16,"column":16}},"9":{"start":{"line":21,"column":24},"end":{"line":21,"column":42}},"10":{"start":{"line":22,"column":25},"end":{"line":22,"column":43}},"11":{"start":{"line":24,"column":24},"end":{"line":24,"column":47}},"12":{"start":{"line":25,"column":25},"end":{"line":25,"column":49}},"13":{"start":{"line":27,"column":2},"end":{"line":30,"column":3}},"14":{"start":{"line":28,"column":4},"end":{"line":28,"column":95}},"15":{"start":{"line":29,"column":4},"end":{"line":29,"column":16}},"16":{"start":{"line":32,"column":15},"end":{"line":32,"column":53}},"17":{"start":{"line":33,"column":24},"end":{"line":33,"column":58}},"18":{"start":{"line":34,"column":2},"end":{"line":34,"column":23}}},"fnMap":{"0":{"name":"(anonymous_0)","decl":{"start":{"line":7,"column":20},"end":{"line":7,"column":21}},"loc":{"start":{"line":7,"column":34},"end":{"line":7,"column":71}},"line":7},"1":{"name":"(anonymous_1)","decl":{"start":{"line":9,"column":24},"end":{"line":9,"column":25}},"loc":{"start":{"line":9,"column":42},"end":{"line":18,"column":1}},"line":9},"2":{"name":"genDiff","decl":{"start":{"line":20,"column":24},"end":{"line":20,"column":31}},"loc":{"start":{"line":20,"column":70},"end":{"line":35,"column":1}},"line":20}},"branchMap":{"0":{"loc":{"start":{"line":20,"column":46},"end":{"line":20,"column":68}},"type":"default-arg","locations":[{"start":{"line":20,"column":59},"end":{"line":20,"column":68}}],"line":20},"1":{"loc":{"start":{"line":27,"column":2},"end":{"line":30,"column":3}},"type":"if","locations":[{"start":{"line":27,"column":2},"end":{"line":30,"column":3}},{"start":{},"end":{}}],"line":27},"2":{"loc":{"start":{"line":27,"column":6},"end":{"line":27,"column":39}},"type":"binary-expr","locations":[{"start":{"line":27,"column":6},"end":{"line":27,"column":20}},{"start":{"line":27,"column":24},"end":{"line":27,"column":39}}],"line":27}},"s":{"0":1,"1":6,"2":1,"3":6,"4":6,"5":6,"6":6,"7":0,"8":0,"9":3,"10":3,"11":3,"12":3,"13":3,"14":0,"15":0,"16":3,"17":3,"18":3},"f":{"0":6,"1":6,"2":3},"b":{"0":[0],"1":[0,3],"2":[3,3]},"_coverageSchema":"1a1c01bbd47fc00a2c39e90264f33305004495a9","hash":"3613cb74bdea365445187bc008ce900fbb9620ed"}
,"/home/sudoadduser/Documentos/calculadora-diff/src/utils/diff.js": {"path":"/home/sudoadduser/Documentos/calculadora-diff/src/utils/diff.js","statementMap":{"0":{"start":{"line":7,"column":15},"end":{"line":7,"column":80}},"1":{"start":{"line":9,"column":2},"end":{"line":36,"column":5}},"2":{"start":{"line":10,"column":25},"end":{"line":10,"column":39}},"3":{"start":{"line":11,"column":25},"end":{"line":11,"column":39}},"4":{"start":{"line":13,"column":4},"end":{"line":15,"column":5}},"5":{"start":{"line":14,"column":6},"end":{"line":14,"column":59}},"6":{"start":{"line":16,"column":4},"end":{"line":18,"column":5}},"7":{"start":{"line":17,"column":6},"end":{"line":17,"column":63}},"8":{"start":{"line":19,"column":4},"end":{"line":25,"column":5}},"9":{"start":{"line":20,"column":6},"end":{"line":24,"column":8}},"10":{"start":{"line":26,"column":4},"end":{"line":33,"column":5}},"11":{"start":{"line":27,"column":6},"end":{"line":32,"column":8}},"12":{"start":{"line":35,"column":4},"end":{"line":35,"column":63}},"13":{"start":{"line":39,"column":34},"end":{"line":42,"column":1}}},"fnMap":{"0":{"name":"getDiff","decl":{"start":{"line":6,"column":9},"end":{"line":6,"column":16}},"loc":{"start":{"line":6,"column":39},"end":{"line":37,"column":1}},"line":6},"1":{"name":"(anonymous_1)","decl":{"start":{"line":9,"column":18},"end":{"line":9,"column":19}},"loc":{"start":{"line":9,"column":27},"end":{"line":36,"column":3}},"line":9},"2":{"name":"(anonymous_2)","decl":{"start":{"line":39,"column":15},"end":{"line":39,"column":16}},"loc":{"start":{"line":39,"column":34},"end":{"line":42,"column":1}},"line":39}},"branchMap":{"0":{"loc":{"start":{"line":13,"column":4},"end":{"line":15,"column":5}},"type":"if","locations":[{"start":{"line":13,"column":4},"end":{"line":15,"column":5}},{"start":{},"end":{}}],"line":13},"1":{"loc":{"start":{"line":16,"column":4},"end":{"line":18,"column":5}},"type":"if","locations":[{"start":{"line":16,"column":4},"end":{"line":18,"column":5}},{"start":{},"end":{}}],"line":16},"2":{"loc":{"start":{"line":19,"column":4},"end":{"line":25,"column":5}},"type":"if","locations":[{"start":{"line":19,"column":4},"end":{"line":25,"column":5}},{"start":{},"end":{}}],"line":19},"3":{"loc":{"start":{"line":19,"column":8},"end":{"line":19,"column":70}},"type":"binary-expr","locations":[{"start":{"line":19,"column":8},"end":{"line":19,"column":37}},{"start":{"line":19,"column":41},"end":{"line":19,"column":70}}],"line":19},"4":{"loc":{"start":{"line":26,"column":4},"end":{"line":33,"column":5}},"type":"if","locations":[{"start":{"line":26,"column":4},"end":{"line":33,"column":5}},{"start":{},"end":{}}],"line":26}},"s":{"0":15,"1":15,"2":54,"3":54,"4":54,"5":15,"6":39,"7":6,"8":33,"9":12,"10":21,"11":12,"12":9,"13":3},"f":{"0":15,"1":54,"2":3},"b":{"0":[15,39],"1":[6,33],"2":[12,21],"3":[33,15],"4":[12,9]},"_coverageSchema":"1a1c01bbd47fc00a2c39e90264f33305004495a9","hash":"db82e53f602b479262932a52248c3205fcf5c79c"}
,"/home/sudoadduser/Documentos/calculadora-diff/src/utils/parse.js": {"path":"/home/sudoadduser/Documentos/calculadora-diff/src/utils/parse.js","statementMap":{"0":{"start":{"line":3,"column":16},"end":{"line":7,"column":1}},"1":{"start":{"line":10,"column":17},"end":{"line":10,"column":35}},"2":{"start":{"line":12,"column":2},"end":{"line":14,"column":3}},"3":{"start":{"line":13,"column":4},"end":{"line":13,"column":66}},"4":{"start":{"line":16,"column":2},"end":{"line":20,"column":3}},"5":{"start":{"line":17,"column":4},"end":{"line":17,"column":24}},"6":{"start":{"line":19,"column":4},"end":{"line":19,"column":92}}},"fnMap":{"0":{"name":"parseFile","decl":{"start":{"line":9,"column":24},"end":{"line":9,"column":33}},"loc":{"start":{"line":9,"column":51},"end":{"line":21,"column":1}},"line":9}},"branchMap":{"0":{"loc":{"start":{"line":12,"column":2},"end":{"line":14,"column":3}},"type":"if","locations":[{"start":{"line":12,"column":2},"end":{"line":14,"column":3}},{"start":{},"end":{}}],"line":12}},"s":{"0":1,"1":6,"2":6,"3":0,"4":6,"5":6,"6":0},"f":{"0":6},"b":{"0":[0,6]},"_coverageSchema":"1a1c01bbd47fc00a2c39e90264f33305004495a9","hash":"bcc6b9137587c03ad2e4e451b8a637997e9088cc"}
,"/home/sudoadduser/Documentos/calculadora-diff/src/utils/formaters/index.js": {"path":"/home/sudoadduser/Documentos/calculadora-diff/src/utils/formaters/index.js","statementMap":{"0":{"start":{"line":4,"column":19},"end":{"line":8,"column":1}},"1":{"start":{"line":11,"column":20},"end":{"line":11,"column":42}},"2":{"start":{"line":13,"column":2},"end":{"line":15,"column":3}},"3":{"start":{"line":14,"column":4},"end":{"line":14,"column":69}},"4":{"start":{"line":17,"column":2},"end":{"line":17,"column":25}}},"fnMap":{"0":{"name":"format","decl":{"start":{"line":10,"column":24},"end":{"line":10,"column":30}},"loc":{"start":{"line":10,"column":65},"end":{"line":18,"column":1}},"line":10}},"branchMap":{"0":{"loc":{"start":{"line":10,"column":39},"end":{"line":10,"column":61}},"type":"default-arg","locations":[{"start":{"line":10,"column":52},"end":{"line":10,"column":61}}],"line":10},"1":{"loc":{"start":{"line":13,"column":2},"end":{"line":15,"column":3}},"type":"if","locations":[{"start":{"line":13,"column":2},"end":{"line":15,"column":3}},{"start":{},"end":{}}],"line":13}},"s":{"0":1,"1":3,"2":3,"3":0,"4":3},"f":{"0":3},"b":{"0":[0],"1":[0,3]},"_coverageSchema":"1a1c01bbd47fc00a2c39e90264f33305004495a9","hash":"374719087bb6c378afa5391012d2b8d10d2b8e11"}
,"/home/sudoadduser/Documentos/calculadora-diff/src/utils/formaters/plain.js": {"path":"/home/sudoadduser/Documentos/calculadora-diff/src/utils/formaters/plain.js","statementMap":{"0":{"start":{"line":6,"column":26},"end":{"line":6,"column":85}},"1":{"start":{"line":6,"column":51},"end":{"line":6,"column":85}},"2":{"start":{"line":7,"column":20},"end":{"line":13,"column":1}},"3":{"start":{"line":8,"column":2},"end":{"line":8,"column":35}},"4":{"start":{"line":8,"column":22},"end":{"line":8,"column":35}},"5":{"start":{"line":10,"column":2},"end":{"line":10,"column":50}},"6":{"start":{"line":10,"column":25},"end":{"line":10,"column":50}},"7":{"start":{"line":12,"column":2},"end":{"line":12,"column":66}},"8":{"start":{"line":15,"column":21},"end":{"line":28,"column":1}},"9":{"start":{"line":16,"column":31},"end":{"line":16,"column":129}},"10":{"start":{"line":18,"column":25},"end":{"line":18,"column":53}},"11":{"start":{"line":19,"column":4},"end":{"line":19,"column":107}},"12":{"start":{"line":21,"column":35},"end":{"line":21,"column":96}},"13":{"start":{"line":23,"column":57},"end":{"line":23,"column":117}},"14":{"start":{"line":23,"column":85},"end":{"line":23,"column":116}},"15":{"start":{"line":25,"column":50},"end":{"line":25,"column":100}},"16":{"start":{"line":25,"column":78},"end":{"line":25,"column":99}},"17":{"start":{"line":26,"column":27},"end":{"line":26,"column":29}},"18":{"start":{"line":30,"column":26},"end":{"line":33,"column":1}},"19":{"start":{"line":31,"column":19},"end":{"line":31,"column":94}},"20":{"start":{"line":31,"column":42},"end":{"line":31,"column":94}},"21":{"start":{"line":32,"column":2},"end":{"line":32,"column":39}}},"fnMap":{"0":{"name":"(anonymous_0)","decl":{"start":{"line":6,"column":26},"end":{"line":6,"column":27}},"loc":{"start":{"line":6,"column":51},"end":{"line":6,"column":85}},"line":6},"1":{"name":"(anonymous_1)","decl":{"start":{"line":7,"column":20},"end":{"line":7,"column":21}},"loc":{"start":{"line":7,"column":31},"end":{"line":13,"column":1}},"line":7},"2":{"name":"(anonymous_2)","decl":{"start":{"line":16,"column":15},"end":{"line":16,"column":16}},"loc":{"start":{"line":16,"column":31},"end":{"line":16,"column":129}},"line":16},"3":{"name":"(anonymous_3)","decl":{"start":{"line":17,"column":19},"end":{"line":17,"column":20}},"loc":{"start":{"line":17,"column":54},"end":{"line":20,"column":3}},"line":17},"4":{"name":"(anonymous_4)","decl":{"start":{"line":21,"column":19},"end":{"line":21,"column":20}},"loc":{"start":{"line":21,"column":35},"end":{"line":21,"column":96}},"line":21},"5":{"name":"(anonymous_5)","decl":{"start":{"line":23,"column":18},"end":{"line":23,"column":19}},"loc":{"start":{"line":23,"column":57},"end":{"line":23,"column":117}},"line":23},"6":{"name":"(anonymous_6)","decl":{"start":{"line":23,"column":74},"end":{"line":23,"column":75}},"loc":{"start":{"line":23,"column":85},"end":{"line":23,"column":116}},"line":23},"7":{"name":"(anonymous_7)","decl":{"start":{"line":25,"column":16},"end":{"line":25,"column":17}},"loc":{"start":{"line":25,"column":50},"end":{"line":25,"column":100}},"line":25},"8":{"name":"(anonymous_8)","decl":{"start":{"line":25,"column":67},"end":{"line":25,"column":68}},"loc":{"start":{"line":25,"column":78},"end":{"line":25,"column":99}},"line":25},"9":{"name":"(anonymous_9)","decl":{"start":{"line":26,"column":21},"end":{"line":26,"column":22}},"loc":{"start":{"line":26,"column":27},"end":{"line":26,"column":29}},"line":26},"10":{"name":"(anonymous_10)","decl":{"start":{"line":30,"column":26},"end":{"line":30,"column":27}},"loc":{"start":{"line":30,"column":36},"end":{"line":33,"column":1}},"line":30},"11":{"name":"(anonymous_11)","decl":{"start":{"line":31,"column":19},"end":{"line":31,"column":20}},"loc":{"start":{"line":31,"column":42},"end":{"line":31,"column":94}},"line":31}},"branchMap":{"0":{"loc":{"start":{"line":8,"column":2},"end":{"line":8,"column":35}},"type":"if","locations":[{"start":{"line":8,"column":2},"end":{"line":8,"column":35}},{"start":{},"end":{}}],"line":8},"1":{"loc":{"start":{"line":10,"column":2},"end":{"line":10,"column":50}},"type":"if","locations":[{"start":{"line":10,"column":2},"end":{"line":10,"column":50}},{"start":{},"end":{}}],"line":10},"2":{"loc":{"start":{"line":12,"column":9},"end":{"line":12,"column":65}},"type":"cond-expr","locations":[{"start":{"line":12,"column":37},"end":{"line":12,"column":49}},{"start":{"line":12,"column":52},"end":{"line":12,"column":65}}],"line":12}},"s":{"0":1,"1":11,"2":1,"3":13,"4":0,"5":13,"6":4,"7":9,"8":1,"9":5,"10":4,"11":4,"12":2,"13":4,"14":14,"15":1,"16":4,"17":3,"18":1,"19":1,"20":19,"21":1},"f":{"0":11,"1":13,"2":5,"3":4,"4":2,"5":4,"6":14,"7":1,"8":4,"9":3,"10":1,"11":19},"b":{"0":[0,13],"1":[4,9],"2":[7,2]},"_coverageSchema":"1a1c01bbd47fc00a2c39e90264f33305004495a9","hash":"a6c7a5bd28e75f3ab0090fa059f05d5fea83268a"}
,"/home/sudoadduser/Documentos/calculadora-diff/src/utils/formaters/stylish.js": {"path":"/home/sudoadduser/Documentos/calculadora-diff/src/utils/formaters/stylish.js","statementMap":{"0":{"start":{"line":6,"column":23},"end":{"line":6,"column":86}},"1":{"start":{"line":6,"column":51},"end":{"line":6,"column":86}},"2":{"start":{"line":8,"column":20},"end":{"line":15,"column":1}},"3":{"start":{"line":9,"column":2},"end":{"line":9,"column":45}},"4":{"start":{"line":9,"column":25},"end":{"line":9,"column":45}},"5":{"start":{"line":11,"column":18},"end":{"line":12,"column":87}},"6":{"start":{"line":12,"column":27},"end":{"line":12,"column":86}},"7":{"start":{"line":14,"column":2},"end":{"line":14,"column":65}},"8":{"start":{"line":17,"column":24},"end":{"line":35,"column":1}},"9":{"start":{"line":19,"column":29},"end":{"line":19,"column":83}},"10":{"start":{"line":19,"column":57},"end":{"line":19,"column":82}},"11":{"start":{"line":20,"column":4},"end":{"line":20,"column":50}},"12":{"start":{"line":23,"column":27},"end":{"line":23,"column":81}},"13":{"start":{"line":23,"column":55},"end":{"line":23,"column":80}},"14":{"start":{"line":24,"column":4},"end":{"line":24,"column":108}},"15":{"start":{"line":26,"column":32},"end":{"line":26,"column":123}},"16":{"start":{"line":27,"column":36},"end":{"line":27,"column":127}},"17":{"start":{"line":28,"column":38},"end":{"line":28,"column":129}},"18":{"start":{"line":30,"column":36},"end":{"line":30,"column":40}},"19":{"start":{"line":31,"column":28},"end":{"line":31,"column":110}},"20":{"start":{"line":32,"column":28},"end":{"line":32,"column":110}},"21":{"start":{"line":33,"column":4},"end":{"line":33,"column":57}},"22":{"start":{"line":37,"column":18},"end":{"line":40,"column":1}},"23":{"start":{"line":38,"column":18},"end":{"line":38,"column":83}},"24":{"start":{"line":38,"column":35},"end":{"line":38,"column":83}},"25":{"start":{"line":39,"column":2},"end":{"line":39,"column":25}}},"fnMap":{"0":{"name":"(anonymous_0)","decl":{"start":{"line":6,"column":23},"end":{"line":6,"column":24}},"loc":{"start":{"line":6,"column":51},"end":{"line":6,"column":86}},"line":6},"1":{"name":"(anonymous_1)","decl":{"start":{"line":8,"column":20},"end":{"line":8,"column":21}},"loc":{"start":{"line":8,"column":54},"end":{"line":15,"column":1}},"line":8},"2":{"name":"(anonymous_2)","decl":{"start":{"line":12,"column":9},"end":{"line":12,"column":10}},"loc":{"start":{"line":12,"column":27},"end":{"line":12,"column":86}},"line":12},"3":{"name":"(anonymous_3)","decl":{"start":{"line":18,"column":16},"end":{"line":18,"column":17}},"loc":{"start":{"line":18,"column":50},"end":{"line":21,"column":3}},"line":18},"4":{"name":"(anonymous_4)","decl":{"start":{"line":19,"column":46},"end":{"line":19,"column":47}},"loc":{"start":{"line":19,"column":57},"end":{"line":19,"column":82}},"line":19},"5":{"name":"(anonymous_5)","decl":{"start":{"line":22,"column":18},"end":{"line":22,"column":19}},"loc":{"start":{"line":22,"column":57},"end":{"line":25,"column":3}},"line":22},"6":{"name":"(anonymous_6)","decl":{"start":{"line":23,"column":44},"end":{"line":23,"column":45}},"loc":{"start":{"line":23,"column":55},"end":{"line":23,"column":80}},"line":23},"7":{"name":"(anonymous_7)","decl":{"start":{"line":26,"column":15},"end":{"line":26,"column":16}},"loc":{"start":{"line":26,"column":32},"end":{"line":26,"column":123}},"line":26},"8":{"name":"(anonymous_8)","decl":{"start":{"line":27,"column":19},"end":{"line":27,"column":20}},"loc":{"start":{"line":27,"column":36},"end":{"line":27,"column":127}},"line":27},"9":{"name":"(anonymous_9)","decl":{"start":{"line":28,"column":21},"end":{"line":28,"column":22}},"loc":{"start":{"line":28,"column":38},"end":{"line":28,"column":129}},"line":28},"10":{"name":"(anonymous_10)","decl":{"start":{"line":29,"column":19},"end":{"line":29,"column":20}},"loc":{"start":{"line":29,"column":36},"end":{"line":34,"column":3}},"line":29},"11":{"name":"(anonymous_11)","decl":{"start":{"line":37,"column":18},"end":{"line":37,"column":19}},"loc":{"start":{"line":37,"column":27},"end":{"line":40,"column":1}},"line":37},"12":{"name":"(anonymous_12)","decl":{"start":{"line":38,"column":18},"end":{"line":38,"column":19}},"loc":{"start":{"line":38,"column":35},"end":{"line":38,"column":83}},"line":38}},"branchMap":{"0":{"loc":{"start":{"line":6,"column":31},"end":{"line":6,"column":46}},"type":"default-arg","locations":[{"start":{"line":6,"column":45},"end":{"line":6,"column":46}}],"line":6},"1":{"loc":{"start":{"line":9,"column":2},"end":{"line":9,"column":45}},"type":"if","locations":[{"start":{"line":9,"column":2},"end":{"line":9,"column":45}},{"start":{},"end":{}}],"line":9}},"s":{"0":1,"1":44,"2":1,"3":28,"4":20,"5":8,"6":10,"7":8,"8":1,"9":1,"10":4,"11":1,"12":4,"13":14,"14":4,"15":5,"16":2,"17":13,"18":4,"19":4,"20":4,"21":4,"22":1,"23":1,"24":19,"25":1},"f":{"0":44,"1":28,"2":10,"3":1,"4":4,"5":4,"6":14,"7":5,"8":2,"9":13,"10":4,"11":1,"12":19},"b":{"0":[44],"1":[20,8]},"_coverageSchema":"1a1c01bbd47fc00a2c39e90264f33305004495a9","hash":"2e34a26267ef72b81bb04511911bc1cb5997f973"}
}
