TN:
SF:src/constants.js
FNF:0
FNH:0
DA:1,1
DA:2,1
DA:3,1
DA:4,1
DA:5,1
DA:6,1
LF:6
LH:6
BRF:0
BRH:0
end_of_record
TN:
SF:src/index.js
FN:7,(anonymous_0)
FN:9,(anonymous_1)
FN:20,genDiff
FNF:3
FNH:3
FNDA:6,(anonymous_0)
FNDA:6,(anonymous_1)
FNDA:3,genDiff
DA:7,6
DA:9,1
DA:10,6
DA:11,6
DA:12,6
DA:13,6
DA:15,0
DA:16,0
DA:21,3
DA:22,3
DA:24,3
DA:25,3
DA:27,3
DA:28,0
DA:29,0
DA:32,3
DA:33,3
DA:35,3
LF:18
LH:14
BRDA:20,0,0,0
BRDA:27,1,0,0
BRDA:27,1,1,3
BRDA:27,2,0,3
BRDA:27,2,1,3
BRF:5
BRH:3
end_of_record
TN:
SF:src/utils/diff.js
FN:6,getDiff
FN:9,(anonymous_1)
FN:39,(anonymous_2)
FNF:3
FNH:3
FNDA:15,getDiff
FNDA:54,(anonymous_1)
FNDA:3,(anonymous_2)
DA:7,15
DA:9,15
DA:10,54
DA:11,54
DA:13,54
DA:14,15
DA:16,39
DA:17,6
DA:19,33
DA:20,12
DA:26,21
DA:27,12
DA:35,9
DA:39,3
LF:14
LH:14
BRDA:13,0,0,15
BRDA:13,0,1,39
BRDA:16,1,0,6
BRDA:16,1,1,33
BRDA:19,2,0,12
BRDA:19,2,1,21
BRDA:19,3,0,33
BRDA:19,3,1,15
BRDA:26,4,0,12
BRDA:26,4,1,9
BRF:10
BRH:10
end_of_record
TN:
SF:src/utils/parse.js
FN:9,parseFile
FNF:1
FNH:1
FNDA:6,parseFile
DA:3,1
DA:10,6
DA:12,6
DA:13,0
DA:16,6
DA:17,6
DA:19,0
LF:7
LH:5
BRDA:12,0,0,0
BRDA:12,0,1,6
BRF:2
BRH:1
end_of_record
TN:
SF:src/utils/formaters/index.js
FN:10,format
FNF:1
FNH:1
FNDA:3,format
DA:4,1
DA:11,3
DA:13,3
DA:14,0
DA:17,3
LF:5
LH:4
BRDA:10,0,0,0
BRDA:13,1,0,0
BRDA:13,1,1,3
BRF:3
BRH:1
end_of_record
TN:
SF:src/utils/formaters/plain.js
FN:6,(anonymous_0)
FN:7,(anonymous_1)
FN:16,(anonymous_2)
FN:17,(anonymous_3)
FN:21,(anonymous_4)
FN:23,(anonymous_5)
FN:23,(anonymous_6)
FN:25,(anonymous_7)
FN:25,(anonymous_8)
FN:26,(anonymous_9)
FN:30,(anonymous_10)
FN:31,(anonymous_11)
FNF:12
FNH:12
FNDA:11,(anonymous_0)
FNDA:13,(anonymous_1)
FNDA:5,(anonymous_2)
FNDA:4,(anonymous_3)
FNDA:2,(anonymous_4)
FNDA:4,(anonymous_5)
FNDA:14,(anonymous_6)
FNDA:1,(anonymous_7)
FNDA:4,(anonymous_8)
FNDA:3,(anonymous_9)
FNDA:1,(anonymous_10)
FNDA:19,(anonymous_11)
DA:6,11
DA:7,1
DA:8,13
DA:10,13
DA:12,9
DA:15,1
DA:16,5
DA:18,4
DA:19,4
DA:21,2
DA:23,14
DA:25,4
DA:26,3
DA:30,1
DA:31,19
DA:32,1
LF:16
LH:16
BRDA:8,0,0,0
BRDA:8,0,1,13
BRDA:10,1,0,4
BRDA:10,1,1,9
BRDA:12,2,0,7
BRDA:12,2,1,2
BRF:6
BRH:5
end_of_record
TN:
SF:src/utils/formaters/stylish.js
FN:6,(anonymous_0)
FN:8,(anonymous_1)
FN:12,(anonymous_2)
FN:18,(anonymous_3)
FN:19,(anonymous_4)
FN:22,(anonymous_5)
FN:23,(anonymous_6)
FN:26,(anonymous_7)
FN:27,(anonymous_8)
FN:28,(anonymous_9)
FN:29,(anonymous_10)
FN:37,(anonymous_11)
FN:38,(anonymous_12)
FNF:13
FNH:13
FNDA:44,(anonymous_0)
FNDA:28,(anonymous_1)
FNDA:10,(anonymous_2)
FNDA:1,(anonymous_3)
FNDA:4,(anonymous_4)
FNDA:4,(anonymous_5)
FNDA:14,(anonymous_6)
FNDA:5,(anonymous_7)
FNDA:2,(anonymous_8)
FNDA:13,(anonymous_9)
FNDA:4,(anonymous_10)
FNDA:1,(anonymous_11)
FNDA:19,(anonymous_12)
DA:6,44
DA:8,1
DA:9,28
DA:11,8
DA:12,10
DA:14,8
DA:17,1
DA:19,4
DA:20,1
DA:23,14
DA:24,4
DA:26,5
DA:27,2
DA:28,13
DA:30,4
DA:31,4
DA:32,4
DA:33,4
DA:37,1
DA:38,19
DA:39,1
LF:21
LH:21
BRDA:6,0,0,44
BRDA:9,1,0,20
BRDA:9,1,1,8
BRF:3
BRH:3
end_of_record
